<?xml version="1.0" encoding="UTF-8"?>
<!-- Generated by org.testng.reporters.JUnitReportReporter -->
<testsuite hostname="LAPTOP-OB0BSIOB" failures="0" tests="1" name="day3.PathAndQueryParameters" time="2.516" errors="0" timestamp="2023-08-31T00:46:38 IST" skipped="0">
  <testcase classname="day3.PathAndQueryParameters" name="testPathAndQueryParameters" time="2.516"/>
  <system-out/>
</testsuite> <!-- day3.PathAndQueryParameters -->
