<?xml version="1.0" encoding="UTF-8"?>
<!-- Generated by org.testng.reporters.JUnitReportReporter -->
<testsuite hostname="LAPTOP-OB0BSIOB" failures="0" tests="4" name="day1.HTTPRequests" time="3.576" errors="0" timestamp="2023-08-30T00:53:31 IST" skipped="0">
  <testcase classname="day1.HTTPRequests" name="getUsers" time="2.094"/>
  <system-out/>
  <testcase classname="day1.HTTPRequests" name="createUser" time="0.727"/>
  <system-out/>
  <testcase classname="day1.HTTPRequests" name="updateUser" time="0.376"/>
  <system-out/>
  <testcase classname="day1.HTTPRequests" name="deleteUser" time="0.379"/>
  <system-out/>
</testsuite> <!-- day1.HTTPRequests -->
