<?xml version="1.0" encoding="UTF-8"?>
<!-- Generated by org.testng.reporters.JUnitReportReporter -->
<testsuite hostname="LAPTOP-OB0BSIOB" failures="0" tests="1" name="day6.testFileUploadAndDownload" time="1.277" errors="0" timestamp="2023-09-09T04:00:13 IST" skipped="0">
  <testcase classname="day6.testFileUploadAndDownload" name="testSingleFileUpload" time="1.277"/>
  <system-out/>
</testsuite> <!-- day6.testFileUploadAndDownload -->
