<?xml version="1.0" encoding="UTF-8"?>
<!-- Generated by org.testng.reporters.JUnitReportReporter -->
<testsuite hostname="LAPTOP-OB0BSIOB" failures="0" tests="1" name="day3.CookiesAndHeaders" time="2.341" errors="0" timestamp="2023-08-31T01:32:59 IST" skipped="0">
  <testcase classname="day3.CookiesAndHeaders" name="getHeaderInfo" time="2.341"/>
  <system-out/>
</testsuite> <!-- day3.CookiesAndHeaders -->
