<?xml version="1.0" encoding="UTF-8"?>
<!-- Generated by org.testng.reporters.JUnitReportReporter -->
<testsuite hostname="LAPTOP-OB0BSIOB" failures="0" tests="1" name="day3.LoggingDemo" time="2.439" errors="0" timestamp="2023-08-31T01:40:21 IST" skipped="0">
  <testcase classname="day3.LoggingDemo" name="testLogs" time="2.439"/>
  <system-out/>
</testsuite> <!-- day3.LoggingDemo -->
