<?xml version="1.0" encoding="UTF-8"?>
<!-- Generated by org.testng.reporters.JUnitReportReporter -->
<testsuite hostname="LAPTOP-OB0BSIOB" failures="0" tests="2" name="day2.WaysToCreatePostRequestBody" time="2.237" errors="0" timestamp="2023-08-30T02:11:01 IST" skipped="0">
  <testcase classname="day2.WaysToCreatePostRequestBody" name="testPostUsingExternalJSONFile" time="2.202"/>
  <system-out/>
  <testcase classname="day2.WaysToCreatePostRequestBody" name="deleteDataJSONFile" time="0.035"/>
  <system-out/>
</testsuite> <!-- day2.WaysToCreatePostRequestBody -->
